

*******************************************************************************
Sun Apr  5 16:37:45 2020


FIT:    data read from 'Datos/matrizTraspuestaDyV_O2.dat'
        format = z
        #datapoints = 14
        residuals are weighted equally (unit weight)

function used for fitting: f(x)
	f(x) = a0*x**2*log(x)+a1
fitted parameters initialized with current variable values

iter      chisq       delta/lim  lambda   a0            a1           
   0 7.1718055398e+18   0.00e+00  5.06e+08    1.000000e+00   1.000000e-01
   5 1.3449506003e-01  -9.57e-06  5.06e+03    1.253902e-09   1.000000e-01

After 5 iterations the fit converged.
final sum of squares of residuals : 0.134495
rel. change during last iteration : -9.5668e-11

degrees of freedom    (FIT_NDF)                        : 12
rms of residuals      (FIT_STDFIT) = sqrt(WSSR/ndf)    : 0.105867
variance of residuals (reduced chisquare) = WSSR/ndf   : 0.0112079

Final set of parameters            Asymptotic Standard Error
=======================            ==========================
a0              = 1.2539e-09       +/- 4.201e-11    (3.35%)
a1              = 0.1              +/- 0.03007      (30.07%)

correlation matrix of the fit parameters:
                a0     a1     
a0              1.000 
a1             -0.338  1.000 


*******************************************************************************
Sun Apr  5 16:37:45 2020


FIT:    data read from 'Datos/matrizTraspuestaDyV_O2.dat'
        format = z
        #datapoints = 14
        residuals are weighted equally (unit weight)

function used for fitting: f(x)
	f(x) = a0*x**2*log(x)+a1
fitted parameters initialized with current variable values

iter      chisq       delta/lim  lambda   a0            a1           
   0 1.3449506003e-01   0.00e+00  6.39e-01    1.253902e-09   1.000000e-01
   4 1.5744675533e-03  -5.47e-04  6.39e-05    1.302854e-09  -3.546633e-03

After 4 iterations the fit converged.
final sum of squares of residuals : 0.00157447
rel. change during last iteration : -5.47461e-09

degrees of freedom    (FIT_NDF)                        : 12
rms of residuals      (FIT_STDFIT) = sqrt(WSSR/ndf)    : 0.0114545
variance of residuals (reduced chisquare) = WSSR/ndf   : 0.000131206

Final set of parameters            Asymptotic Standard Error
=======================            ==========================
a0              = 1.30285e-09      +/- 4.545e-12    (0.3489%)
a1              = -0.00354663      +/- 0.003253     (91.73%)

correlation matrix of the fit parameters:
                a0     a1     
a0              1.000 
a1             -0.338  1.000 


*******************************************************************************
Sun Apr  5 16:37:53 2020


FIT:    data read from 'Datos/matrizTraspuestaFB_O2.dat'
        format = z
        #datapoints = 14
        residuals are weighted equally (unit weight)

function used for fitting: f(x)
	f(x) = a0*x*x+a1*x+a2
fitted parameters initialized with current variable values

iter      chisq       delta/lim  lambda   a0            a1            a2           
   0 7.6871483939e+16   0.00e+00  4.28e+07    1.000000e+00   1.000000e+00   1.000000e+00
  11 6.4726343809e-03  -8.69e-04  4.28e-04    2.587783e-08  -5.300661e-05   1.132261e-02

After 11 iterations the fit converged.
final sum of squares of residuals : 0.00647263
rel. change during last iteration : -8.68554e-09

degrees of freedom    (FIT_NDF)                        : 11
rms of residuals      (FIT_STDFIT) = sqrt(WSSR/ndf)    : 0.0242574
variance of residuals (reduced chisquare) = WSSR/ndf   : 0.000588421

Final set of parameters            Asymptotic Standard Error
=======================            ==========================
a0              = 2.58778e-08      +/- 3.324e-10    (1.285%)
a1              = -5.30066e-05     +/- 5.158e-06    (9.732%)
a2              = 0.0113226        +/- 0.00794      (70.12%)

correlation matrix of the fit parameters:
                a0     a1     a2     
a0              1.000 
a1             -0.960  1.000 
a2              0.389 -0.493  1.000 


*******************************************************************************
Sun Apr  5 16:42:26 2020


FIT:    data read from 'Datos/matrizTraspuestaDyV_O2.dat'
        format = z
        #datapoints = 14
        residuals are weighted equally (unit weight)

function used for fitting: f(x)
	f(x) = a0*x**2*log(x)+a1
fitted parameters initialized with current variable values

iter      chisq       delta/lim  lambda   a0            a1           
   0 7.1718055482e+18   0.00e+00  5.06e+08    1.000000e+00   1.000000e-01
   5 1.2246561433e-01  -9.64e-06  5.06e+03    6.649058e-10   1.000000e-01

After 5 iterations the fit converged.
final sum of squares of residuals : 0.122466
rel. change during last iteration : -9.63953e-11

degrees of freedom    (FIT_NDF)                        : 12
rms of residuals      (FIT_STDFIT) = sqrt(WSSR/ndf)    : 0.101022
variance of residuals (reduced chisquare) = WSSR/ndf   : 0.0102055

Final set of parameters            Asymptotic Standard Error
=======================            ==========================
a0              = 6.64906e-10      +/- 4.009e-11    (6.029%)
a1              = 0.1              +/- 0.02869      (28.69%)

correlation matrix of the fit parameters:
                a0     a1     
a0              1.000 
a1             -0.338  1.000 


*******************************************************************************
Sun Apr  5 16:42:26 2020


FIT:    data read from 'Datos/matrizTraspuestaDyV_O2.dat'
        format = z
        #datapoints = 14
        residuals are weighted equally (unit weight)

function used for fitting: f(x)
	f(x) = a0*x**2*log(x)+a1
fitted parameters initialized with current variable values

iter      chisq       delta/lim  lambda   a0            a1           
   0 1.2246561433e-01   0.00e+00  3.44e-01    6.649058e-10   1.000000e-01
   4 5.1351213132e-04  -4.71e-06  3.44e-05    7.117950e-10   8.176278e-04

After 4 iterations the fit converged.
final sum of squares of residuals : 0.000513512
rel. change during last iteration : -4.71495e-11

degrees of freedom    (FIT_NDF)                        : 12
rms of residuals      (FIT_STDFIT) = sqrt(WSSR/ndf)    : 0.00654161
variance of residuals (reduced chisquare) = WSSR/ndf   : 4.27927e-05

Final set of parameters            Asymptotic Standard Error
=======================            ==========================
a0              = 7.11795e-10      +/- 2.596e-12    (0.3647%)
a1              = 0.000817628      +/- 0.001858     (227.2%)

correlation matrix of the fit parameters:
                a0     a1     
a0              1.000 
a1             -0.338  1.000 


*******************************************************************************
Sun Apr  5 16:42:45 2020


FIT:    data read from 'Datos/matrizTraspuestaFB_O2.dat'
        format = z
        #datapoints = 14
        residuals are weighted equally (unit weight)

function used for fitting: f(x)
	f(x) = a0*x*x+a1*x+a2
fitted parameters initialized with current variable values

iter      chisq       delta/lim  lambda   a0            a1            a2           
   0 7.6871484167e+16   0.00e+00  4.28e+07    1.000000e+00   1.000000e+00   1.000000e+00
  11 1.4364775568e-03  -3.95e-03  4.28e-04    2.326349e-08  -3.534779e-05   6.231892e-03

After 11 iterations the fit converged.
final sum of squares of residuals : 0.00143648
rel. change during last iteration : -3.95405e-08

degrees of freedom    (FIT_NDF)                        : 11
rms of residuals      (FIT_STDFIT) = sqrt(WSSR/ndf)    : 0.0114275
variance of residuals (reduced chisquare) = WSSR/ndf   : 0.000130589

Final set of parameters            Asymptotic Standard Error
=======================            ==========================
a0              = 2.32635e-08      +/- 1.566e-10    (0.6732%)
a1              = -3.53478e-05     +/- 2.43e-06     (6.875%)
a2              = 0.00623189       +/- 0.00374      (60.02%)

correlation matrix of the fit parameters:
                a0     a1     a2     
a0              1.000 
a1             -0.960  1.000 
a2              0.389 -0.493  1.000 
